<?xml version="1.0" encoding="UTF-8"?>
<!-- Generated by org.testng.reporters.JUnitReportReporter -->
<testsuite skipped="0" hostname="PUGWSGH716S1VJ" name="com.PPM.qa.testcases.HomePageTest" tests="2" failures="0" timestamp="04 Jun 2019 06:53:34 GMT" time="46.112" errors="0">
  <testcase name="validateHomePageTitleTest" time="21.891" classname="com.PPM.qa.testcases.HomePageTest"/>
  <testcase name="verifyusernameTest" time="24.221" classname="com.PPM.qa.testcases.HomePageTest"/>
</testsuite> <!-- com.PPM.qa.testcases.HomePageTest -->
