<?xml version="1.0" encoding="UTF-8"?>
<!-- Generated by org.testng.reporters.JUnitReportReporter -->
<testsuite skipped="0" hostname="PUGWSGH716S1VJ" name="com.PPM.qa.testcases.LoginPageTest" tests="1" failures="0" timestamp="17 Jun 2019 13:13:05 GMT" time="24.026" errors="0">
  <testcase name="loginPageTitleTest" time="24.026" classname="com.PPM.qa.testcases.LoginPageTest"/>
</testsuite> <!-- com.PPM.qa.testcases.LoginPageTest -->
