<?xml version="1.0" encoding="UTF-8"?>
<!-- Generated by org.testng.reporters.JUnitReportReporter -->
<testsuite skipped="0" hostname="PUGWSGH716S1VJ" name="com.TestProject.qa.testcases.LoginPageTest" tests="2" failures="0" timestamp="04 Jun 2019 06:20:33 GMT" time="39.570" errors="0">
  <testcase name="loginPageTitleTest" time="7.351" classname="com.TestProject.qa.testcases.LoginPageTest"/>
  <testcase name="loginTest" time="32.219" classname="com.TestProject.qa.testcases.LoginPageTest"/>
</testsuite> <!-- com.TestProject.qa.testcases.LoginPageTest -->
