<?xml version="1.0" encoding="UTF-8"?>
<!-- Generated by org.testng.reporters.JUnitReportReporter -->
<testsuite hostname="PUGWSGH716S1VJ" name="com.PPM.qa.testcases.ProjectPageTest" tests="2" failures="0" timestamp="7 Jun 2019 10:29:53 GMT" time="28.052" errors="0">
  <testcase name="createProgramTest3" time="14.147" classname="com.PPM.qa.testcases.ProjectPageTest"/>
  <testcase name="createProgramTest3" time="13.905" classname="com.PPM.qa.testcases.ProjectPageTest"/>
</testsuite>
