<?xml version="1.0" encoding="UTF-8"?>
<!-- Generated by org.testng.reporters.JUnitReportReporter -->
<testsuite hostname="PUGWSGH716S1VJ" name="com.PPM.qa.testcases.HomePageTest" tests="2" failures="0" timestamp="7 Jun 2019 10:29:53 GMT" time="1.638" errors="0">
  <testcase name="verifyusernameTest" time="1.624" classname="com.PPM.qa.testcases.HomePageTest"/>
  <testcase name="validateHomePageTitleTest" time="0.014" classname="com.PPM.qa.testcases.HomePageTest"/>
</testsuite>
