<?xml version="1.0" encoding="UTF-8"?>
<!-- Generated by org.testng.reporters.JUnitReportReporter -->
<testsuite hostname="PUGWSGH716S1VJ" name="com.PPM.qa.testcases.LoginPageTest" tests="2" failures="0" timestamp="7 Jun 2019 10:29:53 GMT" time="26.105" errors="0">
  <testcase name="loginTest" time="26.093" classname="com.PPM.qa.testcases.LoginPageTest"/>
  <testcase name="loginPageTitleTest" time="0.012" classname="com.PPM.qa.testcases.LoginPageTest"/>
</testsuite>
